0 info it worked if it ends with ok
1 verbose cli [ '/Users/antoniogarrote/.nvm/versions/node/v7.1.0/bin/node',
1 verbose cli   '/Users/antoniogarrote/.nvm/versions/node/v7.1.0/bin/npm',
1 verbose cli   'whoami',
1 verbose cli   '--registry',
1 verbose cli   'https://npm.mulesoft.com' ]
2 info using npm@3.10.9
3 info using node@v7.1.0
4 verbose stack Error: this command requires you to be logged in.
4 verbose stack     at EventEmitter.whoami (/Users/antoniogarrote/.nvm/versions/node/v7.1.0/lib/node_modules/npm/lib/whoami.js:42:18)
4 verbose stack     at Object.commandCache.(anonymous function) (/Users/antoniogarrote/.nvm/versions/node/v7.1.0/lib/node_modules/npm/lib/npm.js:124:13)
4 verbose stack     at EventEmitter.<anonymous> (/Users/antoniogarrote/.nvm/versions/node/v7.1.0/lib/node_modules/npm/bin/npm-cli.js:73:30)
4 verbose stack     at _combinedTickCallback (internal/process/next_tick.js:67:7)
4 verbose stack     at process._tickCallback (internal/process/next_tick.js:98:9)
5 verbose cwd /Users/antoniogarrote/Development/amf/amf-client/js
6 error Darwin 15.6.0
7 error argv "/Users/antoniogarrote/.nvm/versions/node/v7.1.0/bin/node" "/Users/antoniogarrote/.nvm/versions/node/v7.1.0/bin/npm" "whoami" "--registry" "https://npm.mulesoft.com"
8 error node v7.1.0
9 error npm  v3.10.9
10 error code ENEEDAUTH
11 error need auth this command requires you to be logged in.
12 error need auth You need to authorize this machine using `npm adduser`
13 verbose exit [ 1, true ]
